<?xml version="1.0" encoding="utf-8"?>
<testsuite errors="14" failures="0" name="feature_cases.Fc_Store_Popup.Fc_Store_Popup" tests="14" time="7.575">
	<testcase classname="feature_cases.Fc_Store_Popup.Fc_Store_Popup" name="test_t001_Store_Popup" time="0.539">
		<error message="string index out of range" type="IndexError">
<![CDATA[Traceback (most recent call last):
  File "/home/dheepan/Automation/feature_cases/Fc_Store_Popup.py", line 19, in test_t001_Store_Popup
    h.click("")
  File "/home/dheepan/Automation/Singleton.py", line 57, in click
    c=s[0]
IndexError: string index out of range
]]>		</error>
	</testcase>
	<testcase classname="feature_cases.Fc_Store_Popup.Fc_Store_Popup" name="test_t002_Store_Popup_Close" time="0.554">
		<error message="string index out of range" type="IndexError">
<![CDATA[Traceback (most recent call last):
  File "/home/dheepan/Automation/feature_cases/Fc_Store_Popup.py", line 31, in test_t002_Store_Popup_Close
    h.click("")
  File "/home/dheepan/Automation/Singleton.py", line 57, in click
    c=s[0]
IndexError: string index out of range
]]>		</error>
	</testcase>
	<testcase classname="feature_cases.Fc_Store_Popup.Fc_Store_Popup" name="test_t003_Store_Popup_Title" time="0.554">
		<error message="string index out of range" type="IndexError">
<![CDATA[Traceback (most recent call last):
  File "/home/dheepan/Automation/feature_cases/Fc_Store_Popup.py", line 43, in test_t003_Store_Popup_Title
    h.click("")
  File "/home/dheepan/Automation/Singleton.py", line 57, in click
    c=s[0]
IndexError: string index out of range
]]>		</error>
	</testcase>
	<testcase classname="feature_cases.Fc_Store_Popup.Fc_Store_Popup" name="test_t004_Store_Popup_Presence_Pack" time="0.529">
		<error message="string index out of range" type="IndexError">
<![CDATA[Traceback (most recent call last):
  File "/home/dheepan/Automation/feature_cases/Fc_Store_Popup.py", line 55, in test_t004_Store_Popup_Presence_Pack
    h.click("")
  File "/home/dheepan/Automation/Singleton.py", line 57, in click
    c=s[0]
IndexError: string index out of range
]]>		</error>
	</testcase>
	<testcase classname="feature_cases.Fc_Store_Popup.Fc_Store_Popup" name="test_t005_Store_Popup_Buy_Button_Combo_Pack" time="0.514">
		<error message="string index out of range" type="IndexError">
<![CDATA[Traceback (most recent call last):
  File "/home/dheepan/Automation/feature_cases/Fc_Store_Popup.py", line 67, in test_t005_Store_Popup_Buy_Button_Combo_Pack
    h.click("")
  File "/home/dheepan/Automation/Singleton.py", line 57, in click
    c=s[0]
IndexError: string index out of range
]]>		</error>
	</testcase>
	<testcase classname="feature_cases.Fc_Store_Popup.Fc_Store_Popup" name="test_t006_Store_Popup_Buy_Button_Hint_Pack" time="0.573">
		<error message="string index out of range" type="IndexError">
<![CDATA[Traceback (most recent call last):
  File "/home/dheepan/Automation/feature_cases/Fc_Store_Popup.py", line 79, in test_t006_Store_Popup_Buy_Button_Hint_Pack
    h.click("")
  File "/home/dheepan/Automation/Singleton.py", line 57, in click
    c=s[0]
IndexError: string index out of range
]]>		</error>
	</testcase>
	<testcase classname="feature_cases.Fc_Store_Popup.Fc_Store_Popup" name="test_t007_Store_Popup_Buy_Button_Pause_Pack" time="0.552">
		<error message="string index out of range" type="IndexError">
<![CDATA[Traceback (most recent call last):
  File "/home/dheepan/Automation/feature_cases/Fc_Store_Popup.py", line 91, in test_t007_Store_Popup_Buy_Button_Pause_Pack
    h.click("")
  File "/home/dheepan/Automation/Singleton.py", line 57, in click
    c=s[0]
IndexError: string index out of range
]]>		</error>
	</testcase>
	<testcase classname="feature_cases.Fc_Store_Popup.Fc_Store_Popup" name="test_t008_Store_Popup_Buy_Button_Magiceye_Pack" time="0.541">
		<error message="string index out of range" type="IndexError">
<![CDATA[Traceback (most recent call last):
  File "/home/dheepan/Automation/feature_cases/Fc_Store_Popup.py", line 103, in test_t008_Store_Popup_Buy_Button_Magiceye_Pack
    h.click("")
  File "/home/dheepan/Automation/Singleton.py", line 57, in click
    c=s[0]
IndexError: string index out of range
]]>		</error>
	</testcase>
	<testcase classname="feature_cases.Fc_Store_Popup.Fc_Store_Popup" name="test_t009_Store_Popup_Buy_Button_Autopencil_Pack" time="0.551">
		<error message="string index out of range" type="IndexError">
<![CDATA[Traceback (most recent call last):
  File "/home/dheepan/Automation/feature_cases/Fc_Store_Popup.py", line 115, in test_t009_Store_Popup_Buy_Button_Autopencil_Pack
    h.click("")
  File "/home/dheepan/Automation/Singleton.py", line 57, in click
    c=s[0]
IndexError: string index out of range
]]>		</error>
	</testcase>
	<testcase classname="feature_cases.Fc_Store_Popup.Fc_Store_Popup" name="test_t010_Store_Popup_Buy_Button_Combo_Pack" time="0.535">
		<error message="string index out of range" type="IndexError">
<![CDATA[Traceback (most recent call last):
  File "/home/dheepan/Automation/feature_cases/Fc_Store_Popup.py", line 127, in test_t010_Store_Popup_Buy_Button_Combo_Pack
    h.click("")
  File "/home/dheepan/Automation/Singleton.py", line 57, in click
    c=s[0]
IndexError: string index out of range
]]>		</error>
	</testcase>
	<testcase classname="feature_cases.Fc_Store_Popup.Fc_Store_Popup" name="test_t011_Store_Popup_Buy_Button_Hint_Pack" time="0.522">
		<error message="string index out of range" type="IndexError">
<![CDATA[Traceback (most recent call last):
  File "/home/dheepan/Automation/feature_cases/Fc_Store_Popup.py", line 139, in test_t011_Store_Popup_Buy_Button_Hint_Pack
    h.click("")
  File "/home/dheepan/Automation/Singleton.py", line 57, in click
    c=s[0]
IndexError: string index out of range
]]>		</error>
	</testcase>
	<testcase classname="feature_cases.Fc_Store_Popup.Fc_Store_Popup" name="test_t012_Store_Popup_Buy_Button_Pause_Pack" time="0.526">
		<error message="string index out of range" type="IndexError">
<![CDATA[Traceback (most recent call last):
  File "/home/dheepan/Automation/feature_cases/Fc_Store_Popup.py", line 151, in test_t012_Store_Popup_Buy_Button_Pause_Pack
    h.click("")
  File "/home/dheepan/Automation/Singleton.py", line 57, in click
    c=s[0]
IndexError: string index out of range
]]>		</error>
	</testcase>
	<testcase classname="feature_cases.Fc_Store_Popup.Fc_Store_Popup" name="test_t013_Store_Popup_Buy_Button_Magiceye_Pack" time="0.542">
		<error message="string index out of range" type="IndexError">
<![CDATA[Traceback (most recent call last):
  File "/home/dheepan/Automation/feature_cases/Fc_Store_Popup.py", line 163, in test_t013_Store_Popup_Buy_Button_Magiceye_Pack
    h.click("")
  File "/home/dheepan/Automation/Singleton.py", line 57, in click
    c=s[0]
IndexError: string index out of range
]]>		</error>
	</testcase>
	<testcase classname="feature_cases.Fc_Store_Popup.Fc_Store_Popup" name="test_t014_Store_Popup_Buy_Button_Autopencil_Pack" time="0.542">
		<error message="string index out of range" type="IndexError">
<![CDATA[Traceback (most recent call last):
  File "/home/dheepan/Automation/feature_cases/Fc_Store_Popup.py", line 175, in test_t014_Store_Popup_Buy_Button_Autopencil_Pack
    h.click("")
  File "/home/dheepan/Automation/Singleton.py", line 57, in click
    c=s[0]
IndexError: string index out of range
]]>		</error>
	</testcase>
	<system-out>
<![CDATA[driver=<selenium.webdriver.firefox.webdriver.WebDriver object at 0xb6df050c>
Running Fc_Add_Gold_Popup tests..
Running Fc_Free_Gifts_Popup tests..
Running Fc_Send_Free_Gifts_And_Ask_Friends_Popup tests..
Running Fc_Send_Paid_Gifts_Popup tests..
Running Fc_Invite_friends_popup tests..
Running Fc_Notifcations_Messages tests..
Running Fc_Notification_Accept_And_Send tests..
Running Fc_Store_Popup tests..
Running Fc_Inventory_Popup tests..
Running Fc_Purchase_Extra_Time_Popup tests..
Running Fc_Puzzle tests..
Running Fc_Map tests..
Running Fc_Companion_Bar tests..
Running Fc_My_Companion_Tab tests..
Running Fc_Friends_Playing_Sudoku_Panel tests..
Running Fc_Pending_Requests_Panel tests..
Running Fc_My_Companions_Panel tests..
Running Fc_Master_Score tests..
Running Fc_Outer_Icons tests..
]]>	</system-out>
	<system-err>
<![CDATA[]]>	</system-err>
</testsuite>
