<?xml version="1.0" encoding="utf-8"?>
<testsuite errors="5" failures="0" name="feature_cases.Fc_Send_Paid_Gifts_Popup.Fc_Send_Paid_Gifts_Popup" tests="5" time="2.532">
	<testcase classname="feature_cases.Fc_Send_Paid_Gifts_Popup.Fc_Send_Paid_Gifts_Popup" name="test_t001_Send_Paid_Gift_Popup" time="0.509">
		<error message="string index out of range" type="IndexError">
<![CDATA[Traceback (most recent call last):
  File "/home/dheepan/Automation/feature_cases/Fc_Send_Paid_Gifts_Popup.py", line 19, in test_t001_Send_Paid_Gift_Popup
    h.click("")
  File "/home/dheepan/Automation/Singleton.py", line 57, in click
    c=s[0]
IndexError: string index out of range
]]>		</error>
	</testcase>
	<testcase classname="feature_cases.Fc_Send_Paid_Gifts_Popup.Fc_Send_Paid_Gifts_Popup" name="test_t002_Send_Paid_Gift_Popup_Drop_Down_List" time="0.504">
		<error message="string index out of range" type="IndexError">
<![CDATA[Traceback (most recent call last):
  File "/home/dheepan/Automation/feature_cases/Fc_Send_Paid_Gifts_Popup.py", line 31, in test_t002_Send_Paid_Gift_Popup_Drop_Down_List
    h.click("")
  File "/home/dheepan/Automation/Singleton.py", line 57, in click
    c=s[0]
IndexError: string index out of range
]]>		</error>
	</testcase>
	<testcase classname="feature_cases.Fc_Send_Paid_Gifts_Popup.Fc_Send_Paid_Gifts_Popup" name="test_t003_Send_Paid_Gift_Popup_Buy_Button_Click" time="0.506">
		<error message="string index out of range" type="IndexError">
<![CDATA[Traceback (most recent call last):
  File "/home/dheepan/Automation/feature_cases/Fc_Send_Paid_Gifts_Popup.py", line 43, in test_t003_Send_Paid_Gift_Popup_Buy_Button_Click
    h.click("")
  File "/home/dheepan/Automation/Singleton.py", line 57, in click
    c=s[0]
IndexError: string index out of range
]]>		</error>
	</testcase>
	<testcase classname="feature_cases.Fc_Send_Paid_Gifts_Popup.Fc_Send_Paid_Gifts_Popup" name="test_t004_Send_Paid_Gift_Popup_Scroll_Arrow" time="0.490">
		<error message="string index out of range" type="IndexError">
<![CDATA[Traceback (most recent call last):
  File "/home/dheepan/Automation/feature_cases/Fc_Send_Paid_Gifts_Popup.py", line 55, in test_t004_Send_Paid_Gift_Popup_Scroll_Arrow
    h.click("")
  File "/home/dheepan/Automation/Singleton.py", line 57, in click
    c=s[0]
IndexError: string index out of range
]]>		</error>
	</testcase>
	<testcase classname="feature_cases.Fc_Send_Paid_Gifts_Popup.Fc_Send_Paid_Gifts_Popup" name="test_t005_Send_Paid_Gift_Popup_Close" time="0.523">
		<error message="string index out of range" type="IndexError">
<![CDATA[Traceback (most recent call last):
  File "/home/dheepan/Automation/feature_cases/Fc_Send_Paid_Gifts_Popup.py", line 67, in test_t005_Send_Paid_Gift_Popup_Close
    h.click("")
  File "/home/dheepan/Automation/Singleton.py", line 57, in click
    c=s[0]
IndexError: string index out of range
]]>		</error>
	</testcase>
	<system-out>
<![CDATA[driver=<selenium.webdriver.firefox.webdriver.WebDriver object at 0xb6df050c>
Running Fc_Add_Gold_Popup tests..
Running Fc_Free_Gifts_Popup tests..
Running Fc_Send_Free_Gifts_And_Ask_Friends_Popup tests..
Running Fc_Send_Paid_Gifts_Popup tests..
Running Fc_Invite_friends_popup tests..
Running Fc_Notifcations_Messages tests..
Running Fc_Notification_Accept_And_Send tests..
Running Fc_Store_Popup tests..
Running Fc_Inventory_Popup tests..
Running Fc_Purchase_Extra_Time_Popup tests..
Running Fc_Puzzle tests..
Running Fc_Map tests..
Running Fc_Companion_Bar tests..
Running Fc_My_Companion_Tab tests..
Running Fc_Friends_Playing_Sudoku_Panel tests..
Running Fc_Pending_Requests_Panel tests..
Running Fc_My_Companions_Panel tests..
Running Fc_Master_Score tests..
Running Fc_Outer_Icons tests..
]]>	</system-out>
	<system-err>
<![CDATA[]]>	</system-err>
</testsuite>
